== Pytest ==
........                                                                 [100%]
================================ tests coverage ================================
_______________ coverage: platform linux, python 3.12.3-final-0 ________________

Name                                           Stmts   Miss  Cover   Missing
----------------------------------------------------------------------------
src/quantum_apl_python/__init__.py                 7      0   100%
src/quantum_apl_python/alpha_language.py          55      3    95%   94, 120, 122
src/quantum_apl_python/analyzer.py               147    125    15%   34-42, 45-158, 161-188, 191-199, 202-248, 252-254
src/quantum_apl_python/cli.py                     63     63     0%   3-89
src/quantum_apl_python/engine.py                  42     32    24%   15-18, 21-31, 41-78, 81-98
src/quantum_apl_python/experiments.py             41     30    27%   23, 26-32, 35-63
src/quantum_apl_python/helix.py                   39      9    77%   25-31, 36, 74, 81
src/quantum_apl_python/helix_metadata.py         103      8    92%   42, 46-49, 100, 119, 121
src/quantum_apl_python/helix_self_builder.py     105     52    50%   88-89, 111, 151-198, 202-219
src/quantum_apl_python/translator.py              62     23    63%   32-34, 63, 72, 90, 96-100, 104-127
----------------------------------------------------------------------------
TOTAL                                            664    345    48%
Coverage HTML written to dir htmlcov
8 passed in 1.51s
